02/28/2023 08:52:52 AM - Test_001_Login - INFO - ************** Test_001_Login **************
02/28/2023 08:52:52 AM - Test_001_Login - INFO - ************** verifying homepage title **************
02/28/2023 08:52:58 AM - Test_001_Login - INFO - ************** Homepage title is matched with expected title **************
02/28/2023 08:53:01 AM - Test_001_Login - INFO - ************** verfying login test **************
02/28/2023 08:53:01 AM - Test_001_Login - INFO - ************** verfying for login page title  **************
02/28/2023 08:53:09 AM - Test_001_Login - INFO - ************** loginpage title is  matched with expected title **************
02/28/2023 09:29:39 AM - Test_001_Login - INFO - ************** Test_001_Login **************
02/28/2023 09:29:39 AM - Test_001_Login - INFO - ************** verifying homepage title **************
02/28/2023 09:29:45 AM - Test_001_Login - INFO - ************** Homepage title is matched with expected title **************
02/28/2023 09:29:52 AM - Test_001_Login - INFO - ************** verfying login test **************
02/28/2023 09:29:52 AM - Test_001_Login - INFO - ************** verfying for login page title  **************
02/28/2023 09:30:00 AM - Test_001_Login - INFO - ************** loginpage title is  matched with expected title **************
02/28/2023 09:33:42 AM - Test_001_Login - INFO - ************** Test_001_Login **************
02/28/2023 09:33:42 AM - Test_001_Login - INFO - ************** verifying homepage title **************
02/28/2023 09:33:50 AM - Test_001_Login - INFO - ************** Homepage title is matched with expected title **************
02/28/2023 09:34:00 AM - Test_001_Login - INFO - ************** verfying login test **************
02/28/2023 09:34:00 AM - Test_001_Login - INFO - ************** verfying for login page title  **************
02/28/2023 09:34:11 AM - Test_001_Login - INFO - ************** loginpage title is  matched with expected title **************
02/28/2023 09:41:51 AM - Test_001_Login - INFO - ************** verfying login test **************
02/28/2023 09:41:51 AM - Test_001_Login - INFO - ************** verfying for login page title  **************
02/28/2023 09:41:52 AM - Test_001_Login - INFO - ************** Test_001_Login **************
02/28/2023 09:41:52 AM - Test_001_Login - INFO - ************** verifying homepage title **************
02/28/2023 09:41:59 AM - Test_001_Login - INFO - ************** Homepage title is matched with expected title **************
02/28/2023 09:42:03 AM - Test_001_Login - INFO - ************** loginpage title is  matched with expected title **************
02/28/2023 09:42:34 AM - Test_001_Login - INFO - ************** Test_001_Login **************
02/28/2023 09:42:34 AM - Test_001_Login - INFO - ************** verifying homepage title **************
02/28/2023 09:42:35 AM - Test_001_Login - INFO - ************** verfying login test **************
02/28/2023 09:42:35 AM - Test_001_Login - INFO - ************** verfying for login page title  **************
02/28/2023 09:42:40 AM - Test_001_Login - INFO - ************** Homepage title is matched with expected title **************
02/28/2023 09:42:42 AM - Test_001_Login - INFO - ************** loginpage title is  matched with expected title **************
02/28/2023 09:58:38 AM - Test_001_Login - INFO - ************** Test_001_Login **************
02/28/2023 09:58:38 AM - Test_001_Login - INFO - ************** verifying homepage title **************
02/28/2023 09:58:38 AM - Test_001_Login - INFO - ************** verfying login test **************
02/28/2023 09:58:38 AM - Test_001_Login - INFO - ************** verfying for login page title  **************
02/28/2023 09:58:45 AM - Test_001_Login - INFO - ************** Homepage title is matched with expected title **************
02/28/2023 09:58:49 AM - Test_001_Login - INFO - ************** loginpage title is  matched with expected title **************
02/28/2023 10:01:28 AM - Test_001_Login - INFO - ************** Test_001_Login **************
02/28/2023 10:01:28 AM - Test_001_Login - INFO - ************** verifying homepage title **************
02/28/2023 10:01:28 AM - Test_001_Login - INFO - ************** verfying login test **************
02/28/2023 10:01:28 AM - Test_001_Login - INFO - ************** verfying for login page title  **************
02/28/2023 10:01:36 AM - Test_001_Login - INFO - ************** Homepage title is matched with expected title **************
02/28/2023 10:01:39 AM - Test_001_Login - INFO - ************** loginpage title is  matched with expected title **************
02/28/2023 10:58:13 AM - Test_002_DDTLogin - INFO - ************** Test_002_ddtLogin******
02/28/2023 10:58:13 AM - Test_002_DDTLogin - INFO - ************** verfying login test **************
02/28/2023 10:58:13 AM - Test_002_DDTLogin - INFO - ************** verfying for login page title  **************
02/28/2023 10:59:23 AM - Test_002_DDTLogin - INFO - ************** Test_002_ddtLogin******
02/28/2023 10:59:23 AM - Test_002_DDTLogin - INFO - ************** verfying login test **************
02/28/2023 10:59:23 AM - Test_002_DDTLogin - INFO - ************** verfying for login page title  **************
02/28/2023 11:06:02 AM - Test_002_DDTLogin - INFO - ************** Test_002_ddtLogin******
02/28/2023 11:06:02 AM - Test_002_DDTLogin - INFO - ************** verfying login test **************
02/28/2023 11:06:02 AM - Test_002_DDTLogin - INFO - ************** verfying for login page title  **************
02/28/2023 02:36:29 PM - Test_002_DDTLogin - INFO - ************** Test_002_ddtLogin******
02/28/2023 02:36:29 PM - Test_002_DDTLogin - INFO - ************** verfying login test **************
02/28/2023 02:36:29 PM - Test_002_DDTLogin - INFO - ************** verfying for login page title  **************
02/28/2023 02:46:44 PM - Test_002_DDTLogin - INFO - ************** Test_002_ddtLogin******
02/28/2023 02:46:44 PM - Test_002_DDTLogin - INFO - ************** verfying login test **************
02/28/2023 02:46:44 PM - Test_002_DDTLogin - INFO - ************** verfying for login page title  **************
02/28/2023 05:56:38 PM - Test_002_DDTLogin - INFO - ************** Test_002_ddtLogin******
02/28/2023 05:56:38 PM - Test_002_DDTLogin - INFO - ************** verfying login test **************
02/28/2023 05:56:38 PM - Test_002_DDTLogin - INFO - ************** verfying for login page title  **************
02/28/2023 06:20:20 PM - Test_002_DDTLogin - INFO - ************** Test_002_ddtLogin******
02/28/2023 06:20:20 PM - Test_002_DDTLogin - INFO - ************** verfying login test **************
02/28/2023 06:20:20 PM - Test_002_DDTLogin - INFO - ************** verfying for login page title  **************
02/28/2023 06:20:36 PM - Test_002_DDTLogin - INFO - ******** test is passed ******
02/28/2023 06:20:45 PM - Test_002_DDTLogin - INFO - ******** passed *********
02/28/2023 06:20:51 PM - Test_002_DDTLogin - INFO - ******** passed *********
02/28/2023 06:27:37 PM - Test_002_DDTLogin - INFO - ************** Test_002_ddtLogin******
02/28/2023 06:27:37 PM - Test_002_DDTLogin - INFO - ************** verfying login test **************
02/28/2023 06:27:37 PM - Test_002_DDTLogin - INFO - ************** verfying for login page title  **************
02/28/2023 06:28:18 PM - Test_002_DDTLogin - INFO - ************** Test_002_ddtLogin******
02/28/2023 06:28:18 PM - Test_002_DDTLogin - INFO - ************** verfying login test **************
02/28/2023 06:28:18 PM - Test_002_DDTLogin - INFO - ************** verfying for login page title  **************
02/28/2023 06:28:36 PM - Test_002_DDTLogin - INFO - ******** test is passed ******
02/28/2023 06:28:44 PM - Test_002_DDTLogin - INFO - ******** passed *********
02/28/2023 06:28:50 PM - Test_002_DDTLogin - INFO - ******** passed *********
02/28/2023 06:34:52 PM - Test_002_DDTLogin - INFO - ************** Test_002_ddtLogin******
02/28/2023 06:34:52 PM - Test_002_DDTLogin - INFO - ************** verfying login test **************
02/28/2023 06:34:52 PM - Test_002_DDTLogin - INFO - ************** verfying for login page title  **************
02/28/2023 06:36:58 PM - Test_002_DDTLogin - INFO - ************** Test_002_ddtLogin******
02/28/2023 06:36:58 PM - Test_002_DDTLogin - INFO - ************** verfying login test **************
02/28/2023 06:36:58 PM - Test_002_DDTLogin - INFO - ************** verfying for login page title  **************
02/28/2023 06:37:15 PM - Test_002_DDTLogin - INFO - ******** test is passed ******
02/28/2023 06:37:24 PM - Test_002_DDTLogin - INFO - ******** passed *********
02/28/2023 06:37:30 PM - Test_002_DDTLogin - INFO - ******** passed *********
02/28/2023 06:37:36 PM - Test_002_DDTLogin - INFO - ******** passed *********
02/28/2023 06:37:42 PM - Test_002_DDTLogin - INFO - ******** passed *********
02/28/2023 06:37:50 PM - Test_002_DDTLogin - INFO - ******** test is failed ******
02/28/2023 06:37:51 PM - Test_002_DDTLogin - INFO - Login ddt test is failed
02/28/2023 06:39:32 PM - Test_002_DDTLogin - INFO - ************** Test_002_ddtLogin******
02/28/2023 06:39:32 PM - Test_002_DDTLogin - INFO - ************** verfying login test **************
02/28/2023 06:39:32 PM - Test_002_DDTLogin - INFO - ************** verfying for login page title  **************
02/28/2023 06:39:49 PM - Test_002_DDTLogin - INFO - ******** test is passed ******
02/28/2023 06:39:59 PM - Test_002_DDTLogin - INFO - ******** passed *********
02/28/2023 06:40:05 PM - Test_002_DDTLogin - INFO - ******** passed *********
02/28/2023 06:40:11 PM - Test_002_DDTLogin - INFO - ******** passed *********
02/28/2023 06:40:17 PM - Test_002_DDTLogin - INFO - ******** passed *********
02/28/2023 06:40:23 PM - Test_002_DDTLogin - INFO - ******** passed *********
02/28/2023 06:40:23 PM - Test_002_DDTLogin - INFO - Login ddt test is passed
02/28/2023 06:40:23 PM - Test_002_DDTLogin - INFO - *********End of the login data driven test**************
02/28/2023 06:40:23 PM - Test_002_DDTLogin - INFO - *********Completed Login DDT Testcase**************
03/01/2023 09:57:40 AM - Test_002_DDTLogin - INFO - ************** Test_002_ddtLogin******
03/01/2023 09:57:40 AM - Test_002_DDTLogin - INFO - ************** verfying login test **************
03/01/2023 09:57:40 AM - Test_002_DDTLogin - INFO - ************** verfying for login page title  **************
03/01/2023 09:57:58 AM - Test_002_DDTLogin - INFO - ******** test is passed ******
03/01/2023 09:58:07 AM - Test_002_DDTLogin - INFO - ******** passed *********
03/01/2023 09:58:12 AM - Test_002_DDTLogin - INFO - ******** passed *********
03/01/2023 09:58:19 AM - Test_002_DDTLogin - INFO - ******** passed *********
03/01/2023 09:58:25 AM - Test_002_DDTLogin - INFO - ******** passed *********
03/01/2023 09:58:31 AM - Test_002_DDTLogin - INFO - ******** passed *********
03/01/2023 09:58:31 AM - Test_002_DDTLogin - INFO - Login ddt test is passed
03/01/2023 09:58:31 AM - Test_002_DDTLogin - INFO - *********End of the login data driven test**************
03/01/2023 09:58:31 AM - Test_002_DDTLogin - INFO - *********Completed Login DDT Testcase**************
03/01/2023 12:21:57 PM - Test_003_AddCustomer - INFO - *********Test_003_AddCustomer*******
03/01/2023 12:22:03 PM - Test_003_AddCustomer - INFO - ***** Login Successful ********
03/01/2023 12:22:03 PM - Test_003_AddCustomer - INFO - ****** Starting Add Customers Test *******
03/01/2023 12:22:42 PM - Test_003_AddCustomer - INFO - *********Test_003_AddCustomer*******
03/01/2023 12:22:48 PM - Test_003_AddCustomer - INFO - ***** Login Successful ********
03/01/2023 12:22:48 PM - Test_003_AddCustomer - INFO - ****** Starting Add Customers Test *******
03/01/2023 12:22:53 PM - Test_003_AddCustomer - INFO - ******* Providing customer details **********
03/01/2023 12:26:46 PM - Test_003_AddCustomer - INFO - *********Test_003_AddCustomer*******
03/01/2023 12:26:53 PM - Test_003_AddCustomer - INFO - ***** Login Successful ********
03/01/2023 12:26:53 PM - Test_003_AddCustomer - INFO - ****** Starting Add Customers Test *******
03/01/2023 12:26:58 PM - Test_003_AddCustomer - INFO - ******* Providing customer details **********
03/01/2023 12:28:53 PM - Test_003_AddCustomer - INFO - *********Test_003_AddCustomer*******
03/01/2023 12:29:04 PM - Test_003_AddCustomer - INFO - ***** Login Successful ********
03/01/2023 12:29:04 PM - Test_003_AddCustomer - INFO - ****** Starting Add Customers Test *******
03/01/2023 12:29:11 PM - Test_003_AddCustomer - INFO - ******* Providing customer details **********
03/01/2023 12:41:16 PM - Test_003_AddCustomer - INFO - *********Test_003_AddCustomer*******
03/01/2023 12:41:22 PM - Test_003_AddCustomer - INFO - ***** Login Successful ********
03/01/2023 12:41:22 PM - Test_003_AddCustomer - INFO - ****** Starting Add Customers Test *******
03/01/2023 12:41:28 PM - Test_003_AddCustomer - INFO - ******* Providing customer details **********
03/01/2023 12:43:22 PM - Test_003_AddCustomer - INFO - *********Test_003_AddCustomer*******
03/01/2023 12:43:26 PM - Test_003_AddCustomer - INFO - ***** Login Successful ********
03/01/2023 12:43:26 PM - Test_003_AddCustomer - INFO - ****** Starting Add Customers Test *******
03/01/2023 12:43:31 PM - Test_003_AddCustomer - INFO - ******* Providing customer details **********
03/01/2023 01:03:39 PM - Test_003_AddCustomer - INFO - *********Test_003_AddCustomer*******
03/01/2023 01:03:47 PM - Test_003_AddCustomer - INFO - ***** Login Successful ********
03/01/2023 01:03:47 PM - Test_003_AddCustomer - INFO - ****** Starting Add Customers Test *******
03/01/2023 01:03:53 PM - Test_003_AddCustomer - INFO - ******* Providing customer details **********
03/01/2023 01:14:11 PM - Test_003_AddCustomer - INFO - *********Test_003_AddCustomer*******
03/01/2023 01:14:17 PM - Test_003_AddCustomer - INFO - ***** Login Successful ********
03/01/2023 01:14:17 PM - Test_003_AddCustomer - INFO - ****** Starting Add Customers Test *******
03/01/2023 01:14:22 PM - Test_003_AddCustomer - INFO - ******* Providing customer details **********
03/01/2023 01:27:21 PM - Test_003_AddCustomer - INFO - *********Test_003_AddCustomer*******
03/01/2023 01:27:27 PM - Test_003_AddCustomer - INFO - ***** Login Successful ********
03/01/2023 01:27:27 PM - Test_003_AddCustomer - INFO - ****** Starting Add Customers Test *******
03/01/2023 01:27:33 PM - Test_003_AddCustomer - INFO - ******* Providing customer details **********
03/01/2023 01:27:41 PM - Test_003_AddCustomer - INFO - ********* saving customer info *****
03/01/2023 01:27:41 PM - Test_003_AddCustomer - INFO - *********** Add customer validation started
03/01/2023 01:27:41 PM - Test_003_AddCustomer - INFO - ******* Add customer test passed******
03/01/2023 01:27:41 PM - Test_003_AddCustomer - INFO - *************** End of the Add Customer Test **********
03/01/2023 01:28:09 PM - Test_003_AddCustomer - INFO - *********Test_003_AddCustomer*******
03/01/2023 01:28:16 PM - Test_003_AddCustomer - INFO - ***** Login Successful ********
03/01/2023 01:28:16 PM - Test_003_AddCustomer - INFO - ****** Starting Add Customers Test *******
03/01/2023 01:28:22 PM - Test_003_AddCustomer - INFO - ******* Providing customer details **********
03/01/2023 01:29:27 PM - Test_003_AddCustomer - INFO - *********Test_003_AddCustomer*******
03/01/2023 01:29:31 PM - Test_003_AddCustomer - INFO - ***** Login Successful ********
03/01/2023 01:29:31 PM - Test_003_AddCustomer - INFO - ****** Starting Add Customers Test *******
03/01/2023 01:29:36 PM - Test_003_AddCustomer - INFO - ******* Providing customer details **********
03/01/2023 01:30:40 PM - Test_003_AddCustomer - INFO - *********Test_003_AddCustomer*******
03/01/2023 01:30:45 PM - Test_003_AddCustomer - INFO - ***** Login Successful ********
03/01/2023 01:30:45 PM - Test_003_AddCustomer - INFO - ****** Starting Add Customers Test *******
03/01/2023 01:30:50 PM - Test_003_AddCustomer - INFO - ******* Providing customer details **********
03/01/2023 01:30:59 PM - Test_003_AddCustomer - INFO - ********* saving customer info *****
03/01/2023 01:30:59 PM - Test_003_AddCustomer - INFO - *********** Add customer validation started
03/01/2023 01:30:59 PM - Test_003_AddCustomer - INFO - ******* Add customer test passed******
03/01/2023 01:30:59 PM - Test_003_AddCustomer - INFO - *************** End of the Add Customer Test **********
03/01/2023 02:59:28 PM - Test_003_AddCustomer - INFO - *********Test_003_AddCustomer*******
03/01/2023 02:59:36 PM - Test_003_AddCustomer - INFO - ***** Login Successful ********
03/01/2023 02:59:36 PM - Test_003_AddCustomer - INFO - ****** Starting Add Customers Test *******
03/01/2023 02:59:42 PM - Test_003_AddCustomer - INFO - ******* Providing customer details **********
03/01/2023 03:01:52 PM - Test_003_AddCustomer - INFO - *********Test_003_AddCustomer*******
03/01/2023 03:02:02 PM - Test_003_AddCustomer - INFO - ***** Login Successful ********
03/01/2023 03:02:02 PM - Test_003_AddCustomer - INFO - ****** Starting Add Customers Test *******
03/01/2023 03:02:08 PM - Test_003_AddCustomer - INFO - ******* Providing customer details **********
03/01/2023 03:04:31 PM - Test_003_AddCustomer - INFO - *********Test_003_AddCustomer*******
03/01/2023 03:04:37 PM - Test_003_AddCustomer - INFO - ***** Login Successful ********
03/01/2023 03:04:37 PM - Test_003_AddCustomer - INFO - ****** Starting Add Customers Test *******
03/01/2023 03:04:43 PM - Test_003_AddCustomer - INFO - ******* Providing customer details **********
03/01/2023 03:04:53 PM - Test_003_AddCustomer - INFO - ********* saving customer info *****
03/01/2023 03:04:53 PM - Test_003_AddCustomer - INFO - *********** Add customer validation started
03/01/2023 03:04:54 PM - Test_003_AddCustomer - INFO - ******* Add customer test passed******
03/01/2023 03:04:54 PM - Test_003_AddCustomer - INFO - *************** End of the Add Customer Test **********
03/01/2023 05:52:02 PM - Test_004_searchCustomerByEmail - INFO - ********* searchCustomerByEmail_004 *********** 
03/01/2023 05:52:09 PM - Test_004_searchCustomerByEmail - INFO - ********* Login successful ******
03/01/2023 05:52:09 PM - Test_004_searchCustomerByEmail - INFO - ********** starting search customer by emailId*********
03/01/2023 05:52:38 PM - Test_004_searchCustomerByEmail - INFO - ********* searchCustomerByEmail_004 *********** 
03/01/2023 05:52:44 PM - Test_004_searchCustomerByEmail - INFO - ********* Login successful ******
03/01/2023 05:52:44 PM - Test_004_searchCustomerByEmail - INFO - ********** starting search customer by emailId*********
03/01/2023 05:52:48 PM - Test_004_searchCustomerByEmail - INFO - ******* searching customer by emailId********
03/01/2023 05:52:53 PM - Test_004_searchCustomerByEmail - INFO - ************************TC_SearchCustomerByEmail_004 Finished ******************************************
03/01/2023 05:58:34 PM - Test_005_searchCustomerByName - INFO - ********* searchCustomerByName_005 *********** 
03/01/2023 05:58:41 PM - Test_005_searchCustomerByName - INFO - ********* Login successful ******
03/01/2023 05:58:41 PM - Test_005_searchCustomerByName - INFO - ********** starting search customer by Name*********
03/01/2023 05:58:45 PM - Test_005_searchCustomerByName - INFO - ******* searching customer by Name********
03/01/2023 05:58:49 PM - Test_005_searchCustomerByName - INFO - ************************TC_SearchCustomerByName_005 Finished ******************************************
03/03/2023 07:18:37 PM - Test_003_AddCustomer - INFO - *********Test_003_AddCustomer*******
03/03/2023 07:18:44 PM - Test_003_AddCustomer - INFO - ***** Login Successful ********
03/03/2023 07:18:44 PM - Test_003_AddCustomer - INFO - ****** Starting Add Customers Test *******
03/03/2023 07:18:50 PM - Test_003_AddCustomer - INFO - ******* Providing customer details **********
03/03/2023 07:19:00 PM - Test_003_AddCustomer - INFO - ********* saving customer info *****
03/03/2023 07:19:00 PM - Test_003_AddCustomer - INFO - *********** Add customer validation started
03/03/2023 07:19:00 PM - Test_003_AddCustomer - INFO - ******* Add customer test passed******
03/03/2023 07:19:00 PM - Test_003_AddCustomer - INFO - *************** End of the Add Customer Test **********
03/03/2023 07:19:04 PM - Test_001_Login - INFO - ************** verfying login test **************
03/03/2023 07:19:04 PM - Test_001_Login - INFO - ************** verfying for login page title  **************
03/03/2023 07:19:13 PM - Test_001_Login - INFO - ************** loginpage title is  matched with expected title **************
